[debug] [2021-10-11T12:52:14.743Z] ----------------------------------------------------------------------
[debug] [2021-10-11T12:52:14.747Z] Command:       C:\Program Files (x86)\nodejs\node.exe C:\Users\pearl\AppData\Roaming\npm\node_modules\firebase-tools\lib\bin\firebase.js emulators:start
[debug] [2021-10-11T12:52:14.747Z] CLI Version:   9.19.0
[debug] [2021-10-11T12:52:14.747Z] Platform:      win32
[debug] [2021-10-11T12:52:14.747Z] Node Version:  v14.17.0
[debug] [2021-10-11T12:52:14.754Z] Time:          Mon Oct 11 2021 18:22:14 GMT+0530 (India Standard Time)
[debug] [2021-10-11T12:52:14.755Z] ----------------------------------------------------------------------
[debug] 
[debug] [2021-10-11T12:52:14.809Z] > command requires scopes: ["email","openid","https://www.googleapis.com/auth/cloudplatformprojects.readonly","https://www.googleapis.com/auth/firebase","https://www.googleapis.com/auth/cloud-platform"]
[debug] [2021-10-11T12:52:14.809Z] > authorizing via signed-in user (pearlkothari2@gmail.com)
[info] i  emulators: Starting emulators: functions, hosting {"metadata":{"emulator":{"name":"hub"},"message":"Starting emulators: functions, hosting"}}
[debug] [2021-10-11T12:52:14.836Z] [hub] writing locator at C:\Users\pearl\AppData\Local\Temp\hub-clone-8646f.json
[warn] !  functions: The following emulators are not running, calls to these services from the Functions emulator will affect production: auth, firestore, database, pubsub, storage {"metadata":{"emulator":{"name":"functions"},"message":"The following emulators are not running, calls to these services from the Functions emulator will affect production: \u001b[1mauth, firestore, database, pubsub, storage\u001b[22m"}}
[info] +  functions: Using node@14 from host. {"metadata":{"emulator":{"name":"functions"},"message":"Using node@14 from host."}}
[debug] [2021-10-11T12:52:14.958Z] defaultcredentials: writing to file C:\Users\pearl\AppData\Roaming\firebase\pearlkothari2_gmail_com_application_default_credentials.json
[debug] [2021-10-11T12:52:14.961Z] Setting GAC to C:\Users\pearl\AppData\Roaming\firebase\pearlkothari2_gmail_com_application_default_credentials.json {"metadata":{"emulator":{"name":"functions"},"message":"Setting GAC to C:\\Users\\pearl\\AppData\\Roaming\\firebase\\pearlkothari2_gmail_com_application_default_credentials.json"}}
[debug] [2021-10-11T12:52:14.963Z] > refreshing access token with scopes: []
[debug] [2021-10-11T12:52:14.963Z] >>> HTTP REQUEST POST https://www.googleapis.com/oauth2/v3/token  
 <request body omitted>
[debug] [2021-10-11T12:52:16.235Z] <<< HTTP RESPONSE 200 {"pragma":"no-cache","date":"Mon, 11 Oct 2021 12:52:17 GMT","expires":"Mon, 01 Jan 1990 00:00:00 GMT","cache-control":"no-cache, no-store, max-age=0, must-revalidate","content-type":"application/json; charset=utf-8","vary":"X-Origin, Referer, Origin,Accept-Encoding","server":"scaffolding on HTTPServer2","x-xss-protection":"0","x-frame-options":"SAMEORIGIN","x-content-type-options":"nosniff","alt-svc":"h3=\":443\"; ma=2592000,h3-29=\":443\"; ma=2592000,h3-T051=\":443\"; ma=2592000,h3-Q050=\":443\"; ma=2592000,h3-Q046=\":443\"; ma=2592000,h3-Q043=\":443\"; ma=2592000,quic=\":443\"; ma=2592000; v=\"46,43\"","accept-ranges":"none","transfer-encoding":"chunked"}
[debug] [2021-10-11T12:52:16.244Z] >>> [apiv2][query] GET https://firebase.googleapis.com/v1beta1/projects/clone-8646f/adminSdkConfig [none]
[debug] [2021-10-11T12:52:17.124Z] <<< [apiv2][status] GET https://firebase.googleapis.com/v1beta1/projects/clone-8646f/adminSdkConfig 200
[debug] [2021-10-11T12:52:17.125Z] <<< [apiv2][body] GET https://firebase.googleapis.com/v1beta1/projects/clone-8646f/adminSdkConfig {"projectId":"clone-8646f","storageBucket":"clone-8646f.appspot.com"}
[debug] [2021-10-11T12:52:17.133Z] >>> [apiv2][query] GET https://firebasehosting.googleapis.com/v1beta1/projects/clone-8646f/sites 
[debug] [2021-10-11T12:52:19.258Z] <<< [apiv2][status] GET https://firebasehosting.googleapis.com/v1beta1/projects/clone-8646f/sites 200
[debug] [2021-10-11T12:52:19.258Z] <<< [apiv2][body] GET https://firebasehosting.googleapis.com/v1beta1/projects/clone-8646f/sites {"sites":[{"name":"projects/478366815794/sites/clone-8646f","defaultUrl":"https://clone-8646f.web.app","appId":"1:478366815794:web:d2b1b1eda2940210350e2b","type":"DEFAULT_SITE"}]}
[debug] [2021-10-11T12:52:19.258Z] >>> [apiv2][query] GET https://firebase.googleapis.com/v1beta1/projects/clone-8646f/webApps/1:478366815794:web:d2b1b1eda2940210350e2b/config [none]
[debug] [2021-10-11T12:52:20.933Z] <<< [apiv2][status] GET https://firebase.googleapis.com/v1beta1/projects/clone-8646f/webApps/1:478366815794:web:d2b1b1eda2940210350e2b/config 200
[debug] [2021-10-11T12:52:20.933Z] <<< [apiv2][body] GET https://firebase.googleapis.com/v1beta1/projects/clone-8646f/webApps/1:478366815794:web:d2b1b1eda2940210350e2b/config {"projectId":"clone-8646f","appId":"1:478366815794:web:d2b1b1eda2940210350e2b","storageBucket":"clone-8646f.appspot.com","apiKey":"AIzaSyCR_Gio4w7lynhn6f_yLLwxde0C4w7Z8NQ","authDomain":"clone-8646f.firebaseapp.com","messagingSenderId":"478366815794","measurementId":"G-FW7G4MM3TN"}
[info] i  hosting: Serving hosting files from: public {"metadata":{"emulator":{"name":"hosting"},"message":"Serving hosting files from: \u001b[1mpublic\u001b[22m"}}
[info] +  hosting: Local server: http://localhost:5000 {"metadata":{"emulator":{"name":"hosting"},"message":"Local server: \u001b[4m\u001b[1mhttp://localhost:5000\u001b[22m\u001b[24m"}}
[debug] [2021-10-11T12:52:20.962Z] Ignoring unsupported arg: auto_download {"metadata":{"emulator":{"name":"ui"},"message":"Ignoring unsupported arg: auto_download"}}
[debug] [2021-10-11T12:52:20.962Z] Ignoring unsupported arg: port {"metadata":{"emulator":{"name":"ui"},"message":"Ignoring unsupported arg: port"}}
[debug] [2021-10-11T12:52:20.962Z] Starting Emulator UI with command {"binary":"node","args":["C:\\Users\\pearl\\.cache\\firebase\\emulators\\ui-v1.6.3\\server.bundle.js"],"optionalArgs":[],"joinArgs":false} {"metadata":{"emulator":{"name":"ui"},"message":"Starting Emulator UI with command {\"binary\":\"node\",\"args\":[\"C:\\\\Users\\\\pearl\\\\.cache\\\\firebase\\\\emulators\\\\ui-v1.6.3\\\\server.bundle.js\"],\"optionalArgs\":[],\"joinArgs\":false}"}}
[info] i  ui: Emulator UI logging to ui-debug.log {"metadata":{"emulator":{"name":"ui"},"message":"Emulator UI logging to \u001b[1mui-debug.log\u001b[22m"}}
[debug] [2021-10-11T12:52:21.083Z] Web / API server started at localhost:4000
 {"metadata":{"emulator":{"name":"ui"},"message":"Web / API server started at localhost:4000\n"}}
[info] i  functions: Watching "C:\Users\pearl\MyResumeProjects\amazon-clone\functions" for Cloud Functions... {"metadata":{"emulator":{"name":"functions"},"message":"Watching \"C:\\Users\\pearl\\MyResumeProjects\\amazon-clone\\functions\" for Cloud Functions..."}}
[debug] [2021-10-11T12:52:21.238Z] [worker-pool] addWorker(~diagnostic~) {"metadata":{"emulator":{"name":"functions"},"message":"[worker-pool] addWorker(~diagnostic~)"}}
[debug] [2021-10-11T12:52:21.239Z] [worker-pool] Adding worker with key ~diagnostic~, total=1 {"metadata":{"emulator":{"name":"functions"},"message":"[worker-pool] Adding worker with key ~diagnostic~, total=1"}}
[debug] [2021-10-11T12:52:21.239Z] [worker-pool] submitWork(triggerId=) {"metadata":{"emulator":{"name":"functions"},"message":"[worker-pool] submitWork(triggerId=)"}}
[debug] [2021-10-11T12:52:21.239Z] [worker-~diagnostic~-8669cb5d-9900-4205-8e6e-9d388cd99644]: Assigning socketPath: \\?\pipe\C:\Users\pearl\MyResumeProjects\amazon-clone\functions\27056 {"metadata":{"emulator":{"name":"functions"},"message":"[worker-~diagnostic~-8669cb5d-9900-4205-8e6e-9d388cd99644]: Assigning socketPath: \\\\?\\pipe\\C:\\Users\\pearl\\MyResumeProjects\\amazon-clone\\functions\\27056"}}
[debug] [2021-10-11T12:52:21.239Z] [worker-~diagnostic~-8669cb5d-9900-4205-8e6e-9d388cd99644]: BUSY {"metadata":{"emulator":{"name":"functions"},"message":"[worker-~diagnostic~-8669cb5d-9900-4205-8e6e-9d388cd99644]: BUSY"}}
[debug] [2021-10-11T12:52:21.423Z] [runtime-status] [27056] Functions runtime initialized. {"cwd":"C:\\Users\\pearl\\MyResumeProjects\\amazon-clone\\functions","node_version":"14.17.0"} {"metadata":{"emulator":{"name":"functions"},"message":"[runtime-status] [27056] Functions runtime initialized. {\"cwd\":\"C:\\\\Users\\\\pearl\\\\MyResumeProjects\\\\amazon-clone\\\\functions\",\"node_version\":\"14.17.0\"}"}}
[debug] [2021-10-11T12:52:21.424Z] [runtime-status] [27056] Disabled runtime features: undefined {"metadata":{"emulator":{"name":"functions"},"message":"[runtime-status] [27056] Disabled runtime features: undefined"}}
[debug] [2021-10-11T12:52:21.427Z] [runtime-status] [27056] Resolved module firebase-admin {"declared":true,"installed":true,"version":"9.12.0","resolution":"C:\\Users\\pearl\\MyResumeProjects\\amazon-clone\\functions\\node_modules\\firebase-admin\\lib\\index.js"} {"metadata":{"emulator":{"name":"functions"},"message":"[runtime-status] [27056] Resolved module firebase-admin {\"declared\":true,\"installed\":true,\"version\":\"9.12.0\",\"resolution\":\"C:\\\\Users\\\\pearl\\\\MyResumeProjects\\\\amazon-clone\\\\functions\\\\node_modules\\\\firebase-admin\\\\lib\\\\index.js\"}"}}
[debug] [2021-10-11T12:52:21.430Z] [runtime-status] [27056] Resolved module firebase-functions {"declared":true,"installed":true,"version":"3.15.7","resolution":"C:\\Users\\pearl\\MyResumeProjects\\amazon-clone\\functions\\node_modules\\firebase-functions\\lib\\index.js"} {"metadata":{"emulator":{"name":"functions"},"message":"[runtime-status] [27056] Resolved module firebase-functions {\"declared\":true,\"installed\":true,\"version\":\"3.15.7\",\"resolution\":\"C:\\\\Users\\\\pearl\\\\MyResumeProjects\\\\amazon-clone\\\\functions\\\\node_modules\\\\firebase-functions\\\\lib\\\\index.js\"}"}}
[debug] [2021-10-11T12:52:21.431Z] [runtime-status] [27056] Outgoing network have been stubbed. [{"name":"http","status":"mocked"},{"name":"http","status":"mocked"},{"name":"https","status":"mocked"},{"name":"https","status":"mocked"},{"name":"net","status":"mocked"}] {"metadata":{"emulator":{"name":"functions"},"message":"[runtime-status] [27056] Outgoing network have been stubbed. [{\"name\":\"http\",\"status\":\"mocked\"},{\"name\":\"http\",\"status\":\"mocked\"},{\"name\":\"https\",\"status\":\"mocked\"},{\"name\":\"https\",\"status\":\"mocked\"},{\"name\":\"net\",\"status\":\"mocked\"}]"}}
[debug] [2021-10-11T12:52:21.432Z] [runtime-status] [27056] Resolved module firebase-functions {"declared":true,"installed":true,"version":"3.15.7","resolution":"C:\\Users\\pearl\\MyResumeProjects\\amazon-clone\\functions\\node_modules\\firebase-functions\\lib\\index.js"} {"metadata":{"emulator":{"name":"functions"},"message":"[runtime-status] [27056] Resolved module firebase-functions {\"declared\":true,\"installed\":true,\"version\":\"3.15.7\",\"resolution\":\"C:\\\\Users\\\\pearl\\\\MyResumeProjects\\\\amazon-clone\\\\functions\\\\node_modules\\\\firebase-functions\\\\lib\\\\index.js\"}"}}
[debug] [2021-10-11T12:52:21.497Z] [runtime-status] [27056] Checked functions.config() {"config":{}} {"metadata":{"emulator":{"name":"functions"},"message":"[runtime-status] [27056] Checked functions.config() {\"config\":{}}"}}
[debug] [2021-10-11T12:52:21.497Z] [runtime-status] [27056] firebase-functions has been stubbed. {"functionsResolution":{"declared":true,"installed":true,"version":"3.15.7","resolution":"C:\\Users\\pearl\\MyResumeProjects\\amazon-clone\\functions\\node_modules\\firebase-functions\\lib\\index.js"}} {"metadata":{"emulator":{"name":"functions"},"message":"[runtime-status] [27056] firebase-functions has been stubbed. {\"functionsResolution\":{\"declared\":true,\"installed\":true,\"version\":\"3.15.7\",\"resolution\":\"C:\\\\Users\\\\pearl\\\\MyResumeProjects\\\\amazon-clone\\\\functions\\\\node_modules\\\\firebase-functions\\\\lib\\\\index.js\"}}"}}
[debug] [2021-10-11T12:52:21.498Z] [runtime-status] [27056] Resolved module firebase-functions {"declared":true,"installed":true,"version":"3.15.7","resolution":"C:\\Users\\pearl\\MyResumeProjects\\amazon-clone\\functions\\node_modules\\firebase-functions\\lib\\index.js"} {"metadata":{"emulator":{"name":"functions"},"message":"[runtime-status] [27056] Resolved module firebase-functions {\"declared\":true,\"installed\":true,\"version\":\"3.15.7\",\"resolution\":\"C:\\\\Users\\\\pearl\\\\MyResumeProjects\\\\amazon-clone\\\\functions\\\\node_modules\\\\firebase-functions\\\\lib\\\\index.js\"}"}}
[debug] [2021-10-11T12:52:21.499Z] [runtime-status] [27056] Resolved module firebase-admin {"declared":true,"installed":true,"version":"9.12.0","resolution":"C:\\Users\\pearl\\MyResumeProjects\\amazon-clone\\functions\\node_modules\\firebase-admin\\lib\\index.js"} {"metadata":{"emulator":{"name":"functions"},"message":"[runtime-status] [27056] Resolved module firebase-admin {\"declared\":true,\"installed\":true,\"version\":\"9.12.0\",\"resolution\":\"C:\\\\Users\\\\pearl\\\\MyResumeProjects\\\\amazon-clone\\\\functions\\\\node_modules\\\\firebase-admin\\\\lib\\\\index.js\"}"}}
[debug] [2021-10-11T12:52:21.500Z] [runtime-status] [27056] Resolved module firebase-functions {"declared":true,"installed":true,"version":"3.15.7","resolution":"C:\\Users\\pearl\\MyResumeProjects\\amazon-clone\\functions\\node_modules\\firebase-functions\\lib\\index.js"} {"metadata":{"emulator":{"name":"functions"},"message":"[runtime-status] [27056] Resolved module firebase-functions {\"declared\":true,\"installed\":true,\"version\":\"3.15.7\",\"resolution\":\"C:\\\\Users\\\\pearl\\\\MyResumeProjects\\\\amazon-clone\\\\functions\\\\node_modules\\\\firebase-functions\\\\lib\\\\index.js\"}"}}
[debug] [2021-10-11T12:52:21.500Z] [runtime-status] [27056] firebase-admin has been stubbed. {"adminResolution":{"declared":true,"installed":true,"version":"9.12.0","resolution":"C:\\Users\\pearl\\MyResumeProjects\\amazon-clone\\functions\\node_modules\\firebase-admin\\lib\\index.js"}} {"metadata":{"emulator":{"name":"functions"},"message":"[runtime-status] [27056] firebase-admin has been stubbed. {\"adminResolution\":{\"declared\":true,\"installed\":true,\"version\":\"9.12.0\",\"resolution\":\"C:\\\\Users\\\\pearl\\\\MyResumeProjects\\\\amazon-clone\\\\functions\\\\node_modules\\\\firebase-admin\\\\lib\\\\index.js\"}}"}}
[info] +  functions[us-central1-api]: http function initialized (http://localhost:5001/clone-8646f/us-central1/api). {"metadata":{"emulator":{"name":"functions"},"message":"\u001b[1mhttp\u001b[22m function initialized (http://localhost:5001/clone-8646f/us-central1/api)."}}
[info] 
┌─────────────────────────────────────────────────────────────┐
│ ✔  All emulators ready! It is now safe to connect your app. │
│ i  View Emulator UI at http://localhost:4000                │
└─────────────────────────────────────────────────────────────┘

┌───────────┬────────────────┬─────────────────────────────────┐
│ Emulator  │ Host:Port      │ View in Emulator UI             │
├───────────┼────────────────┼─────────────────────────────────┤
│ Functions │ localhost:5001 │ http://localhost:4000/functions │
├───────────┼────────────────┼─────────────────────────────────┤
│ Hosting   │ localhost:5000 │ n/a                             │
└───────────┴────────────────┴─────────────────────────────────┘
  Emulator Hub running at localhost:4400
  Other reserved ports: 4500

Issues? Report them at https://github.com/firebase/firebase-tools/issues and attach the *-debug.log files.
 
[debug] [2021-10-11T12:52:21.737Z] [worker-~diagnostic~-8669cb5d-9900-4205-8e6e-9d388cd99644]: IDLE {"metadata":{"emulator":{"name":"functions"},"message":"[worker-~diagnostic~-8669cb5d-9900-4205-8e6e-9d388cd99644]: IDLE"}}
[debug] [2021-10-11T12:54:58.625Z] Received signal SIGHUP 1
